1559800236458	mozrunner::runner	INFO	Running command: "C:\\Program Files\\Mozilla Firefox\\firefox.exe" "-marionette" "-foreground" "-no-remote" "-profile" "C:\\Users\\VANYAN~1\\AppData\\Local\\Temp\\2\\rust_mozprofile.Gm8OjBYrVq3W"
1559800237200	addons.webextension.screenshots@mozilla.org	WARN	Loading extension 'screenshots@mozilla.org': Reading manifest: Invalid extension permission: mozillaAddons
1559800237200	addons.webextension.screenshots@mozilla.org	WARN	Loading extension 'screenshots@mozilla.org': Reading manifest: Invalid extension permission: resource://pdf.js/
1559800237200	addons.webextension.screenshots@mozilla.org	WARN	Loading extension 'screenshots@mozilla.org': Reading manifest: Invalid extension permission: about:reader*
1559800239204	Marionette	INFO	Listening on port 52053
1559800239260	Marionette	WARN	TLS certificate errors will be ignored for this session
1559800242582	Marionette	WARN	TimedPromise timed out after 0 ms: stacktrace:
bail@chrome://marionette/content/sync.js:223:64
1559800242840	Marionette	WARN	TimedPromise timed out after 0 ms: stacktrace:
bail@chrome://marionette/content/sync.js:223:64
1559800242861	Marionette	WARN	TimedPromise timed out after 0 ms: stacktrace:
bail@chrome://marionette/content/sync.js:223:64
JavaScript warning: https://www.dealertrack.com/Javascript/jquery/version_1.4.2/jquery-1.4.2.js, line 3686: unreachable code after return statement
JavaScript warning: https://www.dealertrack.com/Javascript/jquery/version_1.4.2/jquery-1.4.2.js, line 3686: unreachable code after return statement
JavaScript warning: https://www.dealertrack.com/Javascript/jquery/version_1.4.2/jquery-1.4.2.js, line 3686: unreachable code after return statement
JavaScript error: https://www.dealertrack.com/default1.aspx?RefreshBy=SM, line 74: TypeError: $.cookie is not a function
[Child 7764, Chrome_ChildThread] WARNING: pipe error: 109: file z:/task_1559133213/build/src/ipc/chromium/src/chrome/common/ipc_channel_win.cc, line 341
[Parent 12360, Gecko_IOThread] WARNING: pipe error: 109: file z:/task_1559133213/build/src/ipc/chromium/src/chrome/common/ipc_channel_win.cc, line 341
[Child 9412, Chrome_ChildThread] WARNING: pipe error: 109: file z:/task_1559133213/build/src/ipc/chromium/src/chrome/common/ipc_channel_win.cc, line 341
[Child 9412, Chrome_Chi1559800247743	Marionette	INFO	Stopped listening on port 52053
